Started GET "/" for ::1 at 2020-10-23 23:57:41 -0500
Started GET "/" for ::1 at 2020-10-23 23:57:41 -0500
Started GET "/" for 127.0.0.1 at 2020-10-23 23:57:41 -0500
Started GET "/" for ::1 at 2020-10-23 23:58:34 -0500
Processing by Rails::WelcomeController#index as HTML
  Rendering C:/RailsInstaller/Ruby2.3.3/lib/ruby/gems/2.3.0/gems/railties-5.1.7/lib/rails/templates/rails/welcome/index.html.erb
  Rendered C:/RailsInstaller/Ruby2.3.3/lib/ruby/gems/2.3.0/gems/railties-5.1.7/lib/rails/templates/rails/welcome/index.html.erb (5.0ms)
Completed 200 OK in 349ms (Views: 40.5ms)


Started GET "/home/index" for ::1 at 2020-10-24 00:03:18 -0500
Processing by HomeController#index as HTML
  Rendering home/index.html.erb within layouts/application
  Rendered home/index.html.erb within layouts/application (0.0ms)
Completed 200 OK in 1256ms (Views: 1242.1ms)


Started GET "/home/index" for ::1 at 2020-10-24 00:03:54 -0500
Processing by HomeController#index as HTML
  Rendering home/index.html.erb within layouts/application
  Rendered home/index.html.erb within layouts/application (0.0ms)
Completed 200 OK in 94ms (Views: 76.2ms)


Started GET "/" for ::1 at 2020-10-24 00:04:57 -0500
Processing by HomeController#index as HTML
  Rendering home/index.html.erb within layouts/application
  Rendered home/index.html.erb within layouts/application (0.0ms)
Completed 200 OK in 90ms (Views: 75.9ms)


